<?xml version="1.0" encoding="UTF-8"?>
<testng-results ignored="0" total="1" passed="1" failed="0" skipped="0">
  <reporter-output>
  </reporter-output>
  <suite started-at="2023-09-21T14:15:49 IST" name="Suite" finished-at="2023-09-21T14:17:11 IST" duration-ms="81725">
    <groups>
    </groups>
    <test started-at="2023-09-21T14:15:49 IST" name="Functional-Testing Chrome" finished-at="2023-09-21T14:17:11 IST" duration-ms="81725">
      <class name="qa.testScripts.TestMakeMyTrip">
        <test-method is-config="true" signature="setup(java.lang.String,java.lang.String)[pri:0, instance:qa.testScripts.TestMakeMyTrip@50b5ac82]" started-at="2023-09-21T14:15:49 IST" name="setup" finished-at="2023-09-21T14:16:00 IST" duration-ms="11171" status="PASS">
          <params>
            <param index="0">
              <value>
                <![CDATA[Chrome]]>
              </value>
            </param>
            <param index="1">
              <value>
                <![CDATA[https://www.makemytrip.com/flights/]]>
              </value>
            </param>
          </params>
          <reporter-output>
          </reporter-output>
        </test-method> <!-- setup -->
        <test-method signature="testAssignment()[pri:0, instance:qa.testScripts.TestMakeMyTrip@50b5ac82]" started-at="2023-09-21T14:16:00 IST" name="testAssignment" finished-at="2023-09-21T14:17:11 IST" duration-ms="70279" status="PASS">
          <reporter-output>
          </reporter-output>
        </test-method> <!-- testAssignment -->
        <test-method is-config="true" signature="tearDown()[pri:0, instance:qa.testScripts.TestMakeMyTrip@50b5ac82]" started-at="2023-09-21T14:17:11 IST" name="tearDown" finished-at="2023-09-21T14:17:11 IST" duration-ms="122" status="PASS">
          <reporter-output>
          </reporter-output>
        </test-method> <!-- tearDown -->
      </class> <!-- qa.testScripts.TestMakeMyTrip -->
    </test> <!-- Functional-Testing Chrome -->
  </suite> <!-- Suite -->
</testng-results>
